   1              	 .cpu cortex-m0
   2              	 .fpu softvfp
   3              	 .eabi_attribute 20,1
   4              	 .eabi_attribute 21,1
   5              	 .eabi_attribute 23,3
   6              	 .eabi_attribute 24,1
   7              	 .eabi_attribute 25,1
   8              	 .eabi_attribute 26,1
   9              	 .eabi_attribute 30,4
  10              	 .eabi_attribute 34,0
  11              	 .eabi_attribute 18,4
  12              	 .code 16
  13              	 .file "cpu_ctrl_xmc1.c"
  14              	 .section .text.CPU_CTRL_XMC1_GetAppVersion,"ax",%progbits
  15              	 .align 1
  16              	 .global CPU_CTRL_XMC1_GetAppVersion
  17              	 .code 16
  18              	 .thumb_func
  20              	CPU_CTRL_XMC1_GetAppVersion:
  21 0000 0148     	 ldr r0,.L2
  22 0002 82B0     	 sub sp,sp,#8
  23 0004 02B0     	 add sp,sp,#8
  24              	 
  25 0006 7047     	 bx lr
  26              	.L3:
  27              	 .align 2
  28              	.L2:
  29 0008 04000C00 	 .word 786436
  31              	 .section .text.CPU_CTRL_XMC1_Init,"ax",%progbits
  32              	 .align 1
  33              	 .global CPU_CTRL_XMC1_Init
  34              	 .code 16
  35              	 .thumb_func
  37              	CPU_CTRL_XMC1_Init:
  38 0000 0020     	 mov r0,#0
  39              	 
  40 0002 7047     	 bx lr
  42              	 .ident "GCC: (GNU Tools for ARM Embedded Processors) 4.9.3 20141119 (release) [ARM/embedded-4_9-branch revision 218278]"
DEFINED SYMBOLS
                            *ABS*:00000000 cpu_ctrl_xmc1.c
    {standard input}:15     .text.CPU_CTRL_XMC1_GetAppVersion:00000000 $t
    {standard input}:20     .text.CPU_CTRL_XMC1_GetAppVersion:00000000 CPU_CTRL_XMC1_GetAppVersion
    {standard input}:29     .text.CPU_CTRL_XMC1_GetAppVersion:00000008 $d
    {standard input}:32     .text.CPU_CTRL_XMC1_Init:00000000 $t
    {standard input}:37     .text.CPU_CTRL_XMC1_Init:00000000 CPU_CTRL_XMC1_Init

NO UNDEFINED SYMBOLS
