   1              	 .cpu cortex-m0
   2              	 .fpu softvfp
   3              	 .eabi_attribute 20,1
   4              	 .eabi_attribute 21,1
   5              	 .eabi_attribute 23,3
   6              	 .eabi_attribute 24,1
   7              	 .eabi_attribute 25,1
   8              	 .eabi_attribute 26,1
   9              	 .eabi_attribute 30,4
  10              	 .eabi_attribute 34,0
  11              	 .eabi_attribute 18,4
  12              	 .code 16
  13              	 .file "pwm_svm_table.c"
  14              	 .global Sinus60_tab
  15              	 .section .rodata.Sinus60_tab,"a",%progbits
  16              	 .align 1
  19              	Sinus60_tab:
  20 0000 0000     	 .short 0
  21 0002 2100     	 .short 33
  22 0004 4300     	 .short 67
  23 0006 6400     	 .short 100
  24 0008 8600     	 .short 134
  25 000a A700     	 .short 167
  26 000c C900     	 .short 201
  27 000e EA00     	 .short 234
  28 0010 0C01     	 .short 268
  29 0012 2D01     	 .short 301
  30 0014 4F01     	 .short 335
  31 0016 7001     	 .short 368
  32 0018 9201     	 .short 402
  33 001a B301     	 .short 435
  34 001c D501     	 .short 469
  35 001e F601     	 .short 502
  36 0020 1802     	 .short 536
  37 0022 3902     	 .short 569
  38 0024 5B02     	 .short 603
  39 0026 7C02     	 .short 636
  40 0028 9E02     	 .short 670
  41 002a BF02     	 .short 703
  42 002c E102     	 .short 737
  43 002e 0203     	 .short 770
  44 0030 2403     	 .short 804
  45 0032 4503     	 .short 837
  46 0034 6703     	 .short 871
  47 0036 8803     	 .short 904
  48 0038 AA03     	 .short 938
  49 003a CB03     	 .short 971
  50 003c ED03     	 .short 1005
  51 003e 0E04     	 .short 1038
  52 0040 3004     	 .short 1072
  53 0042 5104     	 .short 1105
  54 0044 7304     	 .short 1139
  55 0046 9404     	 .short 1172
  56 0048 B604     	 .short 1206
  57 004a D704     	 .short 1239
  58 004c F904     	 .short 1273
  59 004e 1A05     	 .short 1306
  60 0050 3B05     	 .short 1339
  61 0052 5D05     	 .short 1373
  62 0054 7E05     	 .short 1406
  63 0056 A005     	 .short 1440
  64 0058 C105     	 .short 1473
  65 005a E305     	 .short 1507
  66 005c 0406     	 .short 1540
  67 005e 2606     	 .short 1574
  68 0060 4706     	 .short 1607
  69 0062 6906     	 .short 1641
  70 0064 8A06     	 .short 1674
  71 0066 AC06     	 .short 1708
  72 0068 CD06     	 .short 1741
  73 006a EF06     	 .short 1775
  74 006c 1007     	 .short 1808
  75 006e 3207     	 .short 1842
  76 0070 5307     	 .short 1875
  77 0072 7407     	 .short 1908
  78 0074 9607     	 .short 1942
  79 0076 B707     	 .short 1975
  80 0078 D907     	 .short 2009
  81 007a FA07     	 .short 2042
  82 007c 1C08     	 .short 2076
  83 007e 3D08     	 .short 2109
  84 0080 5F08     	 .short 2143
  85 0082 8008     	 .short 2176
  86 0084 A108     	 .short 2209
  87 0086 C308     	 .short 2243
  88 0088 E408     	 .short 2276
  89 008a 0609     	 .short 2310
  90 008c 2709     	 .short 2343
  91 008e 4909     	 .short 2377
  92 0090 6A09     	 .short 2410
  93 0092 8B09     	 .short 2443
  94 0094 AD09     	 .short 2477
  95 0096 CE09     	 .short 2510
  96 0098 F009     	 .short 2544
  97 009a 110A     	 .short 2577
  98 009c 320A     	 .short 2610
  99 009e 540A     	 .short 2644
 100 00a0 750A     	 .short 2677
 101 00a2 970A     	 .short 2711
 102 00a4 B80A     	 .short 2744
 103 00a6 D90A     	 .short 2777
 104 00a8 FB0A     	 .short 2811
 105 00aa 1C0B     	 .short 2844
 106 00ac 3E0B     	 .short 2878
 107 00ae 5F0B     	 .short 2911
 108 00b0 800B     	 .short 2944
 109 00b2 A20B     	 .short 2978
 110 00b4 C30B     	 .short 3011
 111 00b6 E40B     	 .short 3044
 112 00b8 060C     	 .short 3078
 113 00ba 270C     	 .short 3111
 114 00bc 490C     	 .short 3145
 115 00be 6A0C     	 .short 3178
 116 00c0 8B0C     	 .short 3211
 117 00c2 AD0C     	 .short 3245
 118 00c4 CE0C     	 .short 3278
 119 00c6 EF0C     	 .short 3311
 120 00c8 110D     	 .short 3345
 121 00ca 320D     	 .short 3378
 122 00cc 530D     	 .short 3411
 123 00ce 750D     	 .short 3445
 124 00d0 960D     	 .short 3478
 125 00d2 B70D     	 .short 3511
 126 00d4 D90D     	 .short 3545
 127 00d6 FA0D     	 .short 3578
 128 00d8 1B0E     	 .short 3611
 129 00da 3C0E     	 .short 3644
 130 00dc 5E0E     	 .short 3678
 131 00de 7F0E     	 .short 3711
 132 00e0 A00E     	 .short 3744
 133 00e2 C20E     	 .short 3778
 134 00e4 E30E     	 .short 3811
 135 00e6 040F     	 .short 3844
 136 00e8 250F     	 .short 3877
 137 00ea 470F     	 .short 3911
 138 00ec 680F     	 .short 3944
 139 00ee 890F     	 .short 3977
 140 00f0 AB0F     	 .short 4011
 141 00f2 CC0F     	 .short 4044
 142 00f4 ED0F     	 .short 4077
 143 00f6 0E10     	 .short 4110
 144 00f8 3010     	 .short 4144
 145 00fa 5110     	 .short 4177
 146 00fc 7210     	 .short 4210
 147 00fe 9310     	 .short 4243
 148 0100 B410     	 .short 4276
 149 0102 D610     	 .short 4310
 150 0104 F710     	 .short 4343
 151 0106 1811     	 .short 4376
 152 0108 3911     	 .short 4409
 153 010a 5B11     	 .short 4443
 154 010c 7C11     	 .short 4476
 155 010e 9D11     	 .short 4509
 156 0110 BE11     	 .short 4542
 157 0112 DF11     	 .short 4575
 158 0114 0012     	 .short 4608
 159 0116 2212     	 .short 4642
 160 0118 4312     	 .short 4675
 161 011a 6412     	 .short 4708
 162 011c 8512     	 .short 4741
 163 011e A612     	 .short 4774
 164 0120 C712     	 .short 4807
 165 0122 E912     	 .short 4841
 166 0124 0A13     	 .short 4874
 167 0126 2B13     	 .short 4907
 168 0128 4C13     	 .short 4940
 169 012a 6D13     	 .short 4973
 170 012c 8E13     	 .short 5006
 171 012e AF13     	 .short 5039
 172 0130 D013     	 .short 5072
 173 0132 F213     	 .short 5106
 174 0134 1314     	 .short 5139
 175 0136 3414     	 .short 5172
 176 0138 5514     	 .short 5205
 177 013a 7614     	 .short 5238
 178 013c 9714     	 .short 5271
 179 013e B814     	 .short 5304
 180 0140 D914     	 .short 5337
 181 0142 FA14     	 .short 5370
 182 0144 1B15     	 .short 5403
 183 0146 3C15     	 .short 5436
 184 0148 5D15     	 .short 5469
 185 014a 7E15     	 .short 5502
 186 014c 9F15     	 .short 5535
 187 014e C015     	 .short 5568
 188 0150 E115     	 .short 5601
 189 0152 0216     	 .short 5634
 190 0154 2316     	 .short 5667
 191 0156 4416     	 .short 5700
 192 0158 6516     	 .short 5733
 193 015a 8616     	 .short 5766
 194 015c A716     	 .short 5799
 195 015e C816     	 .short 5832
 196 0160 E916     	 .short 5865
 197 0162 0A17     	 .short 5898
 198 0164 2B17     	 .short 5931
 199 0166 4C17     	 .short 5964
 200 0168 6D17     	 .short 5997
 201 016a 8E17     	 .short 6030
 202 016c AF17     	 .short 6063
 203 016e D017     	 .short 6096
 204 0170 F117     	 .short 6129
 205 0172 1218     	 .short 6162
 206 0174 3318     	 .short 6195
 207 0176 5418     	 .short 6228
 208 0178 7518     	 .short 6261
 209 017a 9518     	 .short 6293
 210 017c B618     	 .short 6326
 211 017e D718     	 .short 6359
 212 0180 F818     	 .short 6392
 213 0182 1919     	 .short 6425
 214 0184 3A19     	 .short 6458
 215 0186 5B19     	 .short 6491
 216 0188 7B19     	 .short 6523
 217 018a 9C19     	 .short 6556
 218 018c BD19     	 .short 6589
 219 018e DE19     	 .short 6622
 220 0190 FF19     	 .short 6655
 221 0192 201A     	 .short 6688
 222 0194 401A     	 .short 6720
 223 0196 611A     	 .short 6753
 224 0198 821A     	 .short 6786
 225 019a A31A     	 .short 6819
 226 019c C31A     	 .short 6851
 227 019e E41A     	 .short 6884
 228 01a0 051B     	 .short 6917
 229 01a2 261B     	 .short 6950
 230 01a4 461B     	 .short 6982
 231 01a6 671B     	 .short 7015
 232 01a8 881B     	 .short 7048
 233 01aa A91B     	 .short 7081
 234 01ac C91B     	 .short 7113
 235 01ae EA1B     	 .short 7146
 236 01b0 0B1C     	 .short 7179
 237 01b2 2B1C     	 .short 7211
 238 01b4 4C1C     	 .short 7244
 239 01b6 6D1C     	 .short 7277
 240 01b8 8E1C     	 .short 7310
 241 01ba AE1C     	 .short 7342
 242 01bc CF1C     	 .short 7375
 243 01be EF1C     	 .short 7407
 244 01c0 101D     	 .short 7440
 245 01c2 311D     	 .short 7473
 246 01c4 511D     	 .short 7505
 247 01c6 721D     	 .short 7538
 248 01c8 931D     	 .short 7571
 249 01ca B31D     	 .short 7603
 250 01cc D41D     	 .short 7636
 251 01ce F41D     	 .short 7668
 252 01d0 151E     	 .short 7701
 253 01d2 351E     	 .short 7733
 254 01d4 561E     	 .short 7766
 255 01d6 771E     	 .short 7799
 256 01d8 971E     	 .short 7831
 257 01da B81E     	 .short 7864
 258 01dc D81E     	 .short 7896
 259 01de F91E     	 .short 7929
 260 01e0 191F     	 .short 7961
 261 01e2 3A1F     	 .short 7994
 262 01e4 5A1F     	 .short 8026
 263 01e6 7B1F     	 .short 8059
 264 01e8 9B1F     	 .short 8091
 265 01ea BC1F     	 .short 8124
 266 01ec DC1F     	 .short 8156
 267 01ee FD1F     	 .short 8189
 268 01f0 1D20     	 .short 8221
 269 01f2 3D20     	 .short 8253
 270 01f4 5E20     	 .short 8286
 271 01f6 7E20     	 .short 8318
 272 01f8 9F20     	 .short 8351
 273 01fa BF20     	 .short 8383
 274 01fc DF20     	 .short 8415
 275 01fe 0021     	 .short 8448
 276 0200 2021     	 .short 8480
 277 0202 4121     	 .short 8513
 278 0204 6121     	 .short 8545
 279 0206 8121     	 .short 8577
 280 0208 A221     	 .short 8610
 281 020a C221     	 .short 8642
 282 020c E221     	 .short 8674
 283 020e 0322     	 .short 8707
 284 0210 2322     	 .short 8739
 285 0212 4322     	 .short 8771
 286 0214 6322     	 .short 8803
 287 0216 8422     	 .short 8836
 288 0218 A422     	 .short 8868
 289 021a C422     	 .short 8900
 290 021c E422     	 .short 8932
 291 021e 0523     	 .short 8965
 292 0220 2523     	 .short 8997
 293 0222 4523     	 .short 9029
 294 0224 6523     	 .short 9061
 295 0226 8623     	 .short 9094
 296 0228 A623     	 .short 9126
 297 022a C623     	 .short 9158
 298 022c E623     	 .short 9190
 299 022e 0624     	 .short 9222
 300 0230 2624     	 .short 9254
 301 0232 4724     	 .short 9287
 302 0234 6724     	 .short 9319
 303 0236 8724     	 .short 9351
 304 0238 A724     	 .short 9383
 305 023a C724     	 .short 9415
 306 023c E724     	 .short 9447
 307 023e 0725     	 .short 9479
 308 0240 2725     	 .short 9511
 309 0242 4725     	 .short 9543
 310 0244 6725     	 .short 9575
 311 0246 8725     	 .short 9607
 312 0248 A725     	 .short 9639
 313 024a C725     	 .short 9671
 314 024c E725     	 .short 9703
 315 024e 0726     	 .short 9735
 316 0250 2726     	 .short 9767
 317 0252 4726     	 .short 9799
 318 0254 6726     	 .short 9831
 319 0256 8726     	 .short 9863
 320 0258 A726     	 .short 9895
 321 025a C726     	 .short 9927
 322 025c E726     	 .short 9959
 323 025e 0727     	 .short 9991
 324 0260 2727     	 .short 10023
 325 0262 4727     	 .short 10055
 326 0264 6727     	 .short 10087
 327 0266 8727     	 .short 10119
 328 0268 A727     	 .short 10151
 329 026a C627     	 .short 10182
 330 026c E627     	 .short 10214
 331 026e 0628     	 .short 10246
 332 0270 2628     	 .short 10278
 333 0272 4628     	 .short 10310
 334 0274 6628     	 .short 10342
 335 0276 8528     	 .short 10373
 336 0278 A528     	 .short 10405
 337 027a C528     	 .short 10437
 338 027c E528     	 .short 10469
 339 027e 0429     	 .short 10500
 340 0280 2429     	 .short 10532
 341 0282 4429     	 .short 10564
 342 0284 6429     	 .short 10596
 343 0286 8329     	 .short 10627
 344 0288 A329     	 .short 10659
 345 028a C329     	 .short 10691
 346 028c E229     	 .short 10722
 347 028e 022A     	 .short 10754
 348 0290 222A     	 .short 10786
 349 0292 412A     	 .short 10817
 350 0294 612A     	 .short 10849
 351 0296 802A     	 .short 10880
 352 0298 A02A     	 .short 10912
 353 029a C02A     	 .short 10944
 354 029c DF2A     	 .short 10975
 355 029e FF2A     	 .short 11007
 356 02a0 1E2B     	 .short 11038
 357 02a2 3E2B     	 .short 11070
 358 02a4 5D2B     	 .short 11101
 359 02a6 7D2B     	 .short 11133
 360 02a8 9C2B     	 .short 11164
 361 02aa BC2B     	 .short 11196
 362 02ac DB2B     	 .short 11227
 363 02ae FB2B     	 .short 11259
 364 02b0 1A2C     	 .short 11290
 365 02b2 3A2C     	 .short 11322
 366 02b4 592C     	 .short 11353
 367 02b6 792C     	 .short 11385
 368 02b8 982C     	 .short 11416
 369 02ba B82C     	 .short 11448
 370 02bc D72C     	 .short 11479
 371 02be F62C     	 .short 11510
 372 02c0 162D     	 .short 11542
 373 02c2 352D     	 .short 11573
 374 02c4 542D     	 .short 11604
 375 02c6 742D     	 .short 11636
 376 02c8 932D     	 .short 11667
 377 02ca B22D     	 .short 11698
 378 02cc D22D     	 .short 11730
 379 02ce F12D     	 .short 11761
 380 02d0 102E     	 .short 11792
 381 02d2 2F2E     	 .short 11823
 382 02d4 4F2E     	 .short 11855
 383 02d6 6E2E     	 .short 11886
 384 02d8 8D2E     	 .short 11917
 385 02da AC2E     	 .short 11948
 386 02dc CC2E     	 .short 11980
 387 02de EB2E     	 .short 12011
 388 02e0 0A2F     	 .short 12042
 389 02e2 292F     	 .short 12073
 390 02e4 482F     	 .short 12104
 391 02e6 672F     	 .short 12135
 392 02e8 862F     	 .short 12166
 393 02ea A62F     	 .short 12198
 394 02ec C52F     	 .short 12229
 395 02ee E42F     	 .short 12260
 396 02f0 0330     	 .short 12291
 397 02f2 2230     	 .short 12322
 398 02f4 4130     	 .short 12353
 399 02f6 6030     	 .short 12384
 400 02f8 7F30     	 .short 12415
 401 02fa 9E30     	 .short 12446
 402 02fc BD30     	 .short 12477
 403 02fe DC30     	 .short 12508
 404 0300 FB30     	 .short 12539
 405 0302 1A31     	 .short 12570
 406 0304 3931     	 .short 12601
 407 0306 5831     	 .short 12632
 408 0308 7731     	 .short 12663
 409 030a 9631     	 .short 12694
 410 030c B431     	 .short 12724
 411 030e D331     	 .short 12755
 412 0310 F231     	 .short 12786
 413 0312 1132     	 .short 12817
 414 0314 3032     	 .short 12848
 415 0316 4F32     	 .short 12879
 416 0318 6D32     	 .short 12909
 417 031a 8C32     	 .short 12940
 418 031c AB32     	 .short 12971
 419 031e CA32     	 .short 13002
 420 0320 E932     	 .short 13033
 421 0322 0733     	 .short 13063
 422 0324 2633     	 .short 13094
 423 0326 4533     	 .short 13125
 424 0328 6333     	 .short 13155
 425 032a 8233     	 .short 13186
 426 032c A133     	 .short 13217
 427 032e BF33     	 .short 13247
 428 0330 DE33     	 .short 13278
 429 0332 FD33     	 .short 13309
 430 0334 1B34     	 .short 13339
 431 0336 3A34     	 .short 13370
 432 0338 5834     	 .short 13400
 433 033a 7734     	 .short 13431
 434 033c 9634     	 .short 13462
 435 033e B434     	 .short 13492
 436 0340 D334     	 .short 13523
 437 0342 F134     	 .short 13553
 438 0344 1035     	 .short 13584
 439 0346 2E35     	 .short 13614
 440 0348 4D35     	 .short 13645
 441 034a 6B35     	 .short 13675
 442 034c 8A35     	 .short 13706
 443 034e A835     	 .short 13736
 444 0350 C635     	 .short 13766
 445 0352 E535     	 .short 13797
 446 0354 0336     	 .short 13827
 447 0356 2236     	 .short 13858
 448 0358 4036     	 .short 13888
 449 035a 5E36     	 .short 13918
 450 035c 7D36     	 .short 13949
 451 035e 9B36     	 .short 13979
 452 0360 B936     	 .short 14009
 453 0362 D736     	 .short 14039
 454 0364 F636     	 .short 14070
 455 0366 1437     	 .short 14100
 456 0368 3237     	 .short 14130
 457 036a 5037     	 .short 14160
 458 036c 6F37     	 .short 14191
 459 036e 8D37     	 .short 14221
 460 0370 AB37     	 .short 14251
 461 0372 C937     	 .short 14281
 462 0374 E737     	 .short 14311
 463 0376 0638     	 .short 14342
 464 0378 2438     	 .short 14372
 465 037a 4238     	 .short 14402
 466 037c 6038     	 .short 14432
 467 037e 7E38     	 .short 14462
 468 0380 9C38     	 .short 14492
 469 0382 BA38     	 .short 14522
 470 0384 D838     	 .short 14552
 471 0386 F638     	 .short 14582
 472 0388 1439     	 .short 14612
 473 038a 3239     	 .short 14642
 474 038c 5039     	 .short 14672
 475 038e 6E39     	 .short 14702
 476 0390 8C39     	 .short 14732
 477 0392 AA39     	 .short 14762
 478 0394 C839     	 .short 14792
 479 0396 E639     	 .short 14822
 480 0398 043A     	 .short 14852
 481 039a 213A     	 .short 14881
 482 039c 3F3A     	 .short 14911
 483 039e 5D3A     	 .short 14941
 484 03a0 7B3A     	 .short 14971
 485 03a2 993A     	 .short 15001
 486 03a4 B63A     	 .short 15030
 487 03a6 D43A     	 .short 15060
 488 03a8 F23A     	 .short 15090
 489 03aa 103B     	 .short 15120
 490 03ac 2D3B     	 .short 15149
 491 03ae 4B3B     	 .short 15179
 492 03b0 693B     	 .short 15209
 493 03b2 863B     	 .short 15238
 494 03b4 A43B     	 .short 15268
 495 03b6 C23B     	 .short 15298
 496 03b8 DF3B     	 .short 15327
 497 03ba FD3B     	 .short 15357
 498 03bc 1B3C     	 .short 15387
 499 03be 383C     	 .short 15416
 500 03c0 563C     	 .short 15446
 501 03c2 733C     	 .short 15475
 502 03c4 913C     	 .short 15505
 503 03c6 AE3C     	 .short 15534
 504 03c8 CC3C     	 .short 15564
 505 03ca E93C     	 .short 15593
 506 03cc 073D     	 .short 15623
 507 03ce 243D     	 .short 15652
 508 03d0 423D     	 .short 15682
 509 03d2 5F3D     	 .short 15711
 510 03d4 7C3D     	 .short 15740
 511 03d6 9A3D     	 .short 15770
 512 03d8 B73D     	 .short 15799
 513 03da D53D     	 .short 15829
 514 03dc F23D     	 .short 15858
 515 03de 0F3E     	 .short 15887
 516 03e0 2C3E     	 .short 15916
 517 03e2 4A3E     	 .short 15946
 518 03e4 673E     	 .short 15975
 519 03e6 843E     	 .short 16004
 520 03e8 A23E     	 .short 16034
 521 03ea BF3E     	 .short 16063
 522 03ec DC3E     	 .short 16092
 523 03ee F93E     	 .short 16121
 524 03f0 163F     	 .short 16150
 525 03f2 333F     	 .short 16179
 526 03f4 513F     	 .short 16209
 527 03f6 6E3F     	 .short 16238
 528 03f8 8B3F     	 .short 16267
 529 03fa A83F     	 .short 16296
 530 03fc C53F     	 .short 16325
 531 03fe E23F     	 .short 16354
 532 0400 FF3F     	 .short 16383
 533 0402 1C40     	 .short 16412
 534 0404 3940     	 .short 16441
 535 0406 5640     	 .short 16470
 536 0408 7340     	 .short 16499
 537 040a 9040     	 .short 16528
 538 040c AD40     	 .short 16557
 539 040e CA40     	 .short 16586
 540 0410 E740     	 .short 16615
 541 0412 0341     	 .short 16643
 542 0414 2041     	 .short 16672
 543 0416 3D41     	 .short 16701
 544 0418 5A41     	 .short 16730
 545 041a 7741     	 .short 16759
 546 041c 9441     	 .short 16788
 547 041e B041     	 .short 16816
 548 0420 CD41     	 .short 16845
 549 0422 EA41     	 .short 16874
 550 0424 0742     	 .short 16903
 551 0426 2342     	 .short 16931
 552 0428 4042     	 .short 16960
 553 042a 5D42     	 .short 16989
 554 042c 7942     	 .short 17017
 555 042e 9642     	 .short 17046
 556 0430 B242     	 .short 17074
 557 0432 CF42     	 .short 17103
 558 0434 EC42     	 .short 17132
 559 0436 0843     	 .short 17160
 560 0438 2543     	 .short 17189
 561 043a 4143     	 .short 17217
 562 043c 5E43     	 .short 17246
 563 043e 7A43     	 .short 17274
 564 0440 9743     	 .short 17303
 565 0442 B343     	 .short 17331
 566 0444 D043     	 .short 17360
 567 0446 EC43     	 .short 17388
 568 0448 0844     	 .short 17416
 569 044a 2544     	 .short 17445
 570 044c 4144     	 .short 17473
 571 044e 5D44     	 .short 17501
 572 0450 7A44     	 .short 17530
 573 0452 9644     	 .short 17558
 574 0454 B244     	 .short 17586
 575 0456 CF44     	 .short 17615
 576 0458 EB44     	 .short 17643
 577 045a 0745     	 .short 17671
 578 045c 2345     	 .short 17699
 579 045e 3F45     	 .short 17727
 580 0460 5C45     	 .short 17756
 581 0462 7845     	 .short 17784
 582 0464 9445     	 .short 17812
 583 0466 B045     	 .short 17840
 584 0468 CC45     	 .short 17868
 585 046a E845     	 .short 17896
 586 046c 0446     	 .short 17924
 587 046e 2046     	 .short 17952
 588 0470 3C46     	 .short 17980
 589 0472 5846     	 .short 18008
 590 0474 7446     	 .short 18036
 591 0476 9046     	 .short 18064
 592 0478 AC46     	 .short 18092
 593 047a C846     	 .short 18120
 594 047c E446     	 .short 18148
 595 047e 0047     	 .short 18176
 596 0480 1C47     	 .short 18204
 597 0482 3847     	 .short 18232
 598 0484 5447     	 .short 18260
 599 0486 6F47     	 .short 18287
 600 0488 8B47     	 .short 18315
 601 048a A747     	 .short 18343
 602 048c C347     	 .short 18371
 603 048e DE47     	 .short 18398
 604 0490 FA47     	 .short 18426
 605 0492 1648     	 .short 18454
 606 0494 3248     	 .short 18482
 607 0496 4D48     	 .short 18509
 608 0498 6948     	 .short 18537
 609 049a 8448     	 .short 18564
 610 049c A048     	 .short 18592
 611 049e BC48     	 .short 18620
 612 04a0 D748     	 .short 18647
 613 04a2 F348     	 .short 18675
 614 04a4 0E49     	 .short 18702
 615 04a6 2A49     	 .short 18730
 616 04a8 4549     	 .short 18757
 617 04aa 6149     	 .short 18785
 618 04ac 7C49     	 .short 18812
 619 04ae 9849     	 .short 18840
 620 04b0 B349     	 .short 18867
 621 04b2 CE49     	 .short 18894
 622 04b4 EA49     	 .short 18922
 623 04b6 054A     	 .short 18949
 624 04b8 204A     	 .short 18976
 625 04ba 3C4A     	 .short 19004
 626 04bc 574A     	 .short 19031
 627 04be 724A     	 .short 19058
 628 04c0 8E4A     	 .short 19086
 629 04c2 A94A     	 .short 19113
 630 04c4 C44A     	 .short 19140
 631 04c6 DF4A     	 .short 19167
 632 04c8 FA4A     	 .short 19194
 633 04ca 154B     	 .short 19221
 634 04cc 314B     	 .short 19249
 635 04ce 4C4B     	 .short 19276
 636 04d0 674B     	 .short 19303
 637 04d2 824B     	 .short 19330
 638 04d4 9D4B     	 .short 19357
 639 04d6 B84B     	 .short 19384
 640 04d8 D34B     	 .short 19411
 641 04da EE4B     	 .short 19438
 642 04dc 094C     	 .short 19465
 643 04de 244C     	 .short 19492
 644 04e0 3F4C     	 .short 19519
 645 04e2 5A4C     	 .short 19546
 646 04e4 754C     	 .short 19573
 647 04e6 8F4C     	 .short 19599
 648 04e8 AA4C     	 .short 19626
 649 04ea C54C     	 .short 19653
 650 04ec E04C     	 .short 19680
 651 04ee FB4C     	 .short 19707
 652 04f0 154D     	 .short 19733
 653 04f2 304D     	 .short 19760
 654 04f4 4B4D     	 .short 19787
 655 04f6 664D     	 .short 19814
 656 04f8 804D     	 .short 19840
 657 04fa 9B4D     	 .short 19867
 658 04fc B64D     	 .short 19894
 659 04fe D04D     	 .short 19920
 660 0500 EB4D     	 .short 19947
 661 0502 054E     	 .short 19973
 662 0504 204E     	 .short 20000
 663 0506 3A4E     	 .short 20026
 664 0508 554E     	 .short 20053
 665 050a 6F4E     	 .short 20079
 666 050c 8A4E     	 .short 20106
 667 050e A44E     	 .short 20132
 668 0510 BF4E     	 .short 20159
 669 0512 D94E     	 .short 20185
 670 0514 F44E     	 .short 20212
 671 0516 0E4F     	 .short 20238
 672 0518 284F     	 .short 20264
 673 051a 434F     	 .short 20291
 674 051c 5D4F     	 .short 20317
 675 051e 774F     	 .short 20343
 676 0520 914F     	 .short 20369
 677 0522 AC4F     	 .short 20396
 678 0524 C64F     	 .short 20422
 679 0526 E04F     	 .short 20448
 680 0528 FA4F     	 .short 20474
 681 052a 1450     	 .short 20500
 682 052c 2F50     	 .short 20527
 683 052e 4950     	 .short 20553
 684 0530 6350     	 .short 20579
 685 0532 7D50     	 .short 20605
 686 0534 9750     	 .short 20631
 687 0536 B150     	 .short 20657
 688 0538 CB50     	 .short 20683
 689 053a E550     	 .short 20709
 690 053c FF50     	 .short 20735
 691 053e 1951     	 .short 20761
 692 0540 3351     	 .short 20787
 693 0542 4D51     	 .short 20813
 694 0544 6651     	 .short 20838
 695 0546 8051     	 .short 20864
 696 0548 9A51     	 .short 20890
 697 054a B451     	 .short 20916
 698 054c CE51     	 .short 20942
 699 054e E751     	 .short 20967
 700 0550 0152     	 .short 20993
 701 0552 1B52     	 .short 21019
 702 0554 3552     	 .short 21045
 703 0556 4E52     	 .short 21070
 704 0558 6852     	 .short 21096
 705 055a 8252     	 .short 21122
 706 055c 9B52     	 .short 21147
 707 055e B552     	 .short 21173
 708 0560 CE52     	 .short 21198
 709 0562 E852     	 .short 21224
 710 0564 0153     	 .short 21249
 711 0566 1B53     	 .short 21275
 712 0568 3453     	 .short 21300
 713 056a 4E53     	 .short 21326
 714 056c 6753     	 .short 21351
 715 056e 8153     	 .short 21377
 716 0570 9A53     	 .short 21402
 717 0572 B353     	 .short 21427
 718 0574 CD53     	 .short 21453
 719 0576 E653     	 .short 21478
 720 0578 FF53     	 .short 21503
 721 057a 1954     	 .short 21529
 722 057c 3254     	 .short 21554
 723 057e 4B54     	 .short 21579
 724 0580 6454     	 .short 21604
 725 0582 7D54     	 .short 21629
 726 0584 9754     	 .short 21655
 727 0586 B054     	 .short 21680
 728 0588 C954     	 .short 21705
 729 058a E254     	 .short 21730
 730 058c FB54     	 .short 21755
 731 058e 1455     	 .short 21780
 732 0590 2D55     	 .short 21805
 733 0592 4655     	 .short 21830
 734 0594 5F55     	 .short 21855
 735 0596 7855     	 .short 21880
 736 0598 9155     	 .short 21905
 737 059a AA55     	 .short 21930
 738 059c C355     	 .short 21955
 739 059e DC55     	 .short 21980
 740 05a0 F455     	 .short 22004
 741 05a2 0D56     	 .short 22029
 742 05a4 2656     	 .short 22054
 743 05a6 3F56     	 .short 22079
 744 05a8 5856     	 .short 22104
 745 05aa 7056     	 .short 22128
 746 05ac 8956     	 .short 22153
 747 05ae A256     	 .short 22178
 748 05b0 BA56     	 .short 22202
 749 05b2 D356     	 .short 22227
 750 05b4 EC56     	 .short 22252
 751 05b6 0457     	 .short 22276
 752 05b8 1D57     	 .short 22301
 753 05ba 3557     	 .short 22325
 754 05bc 4E57     	 .short 22350
 755 05be 6657     	 .short 22374
 756 05c0 7F57     	 .short 22399
 757 05c2 9757     	 .short 22423
 758 05c4 B057     	 .short 22448
 759 05c6 C857     	 .short 22472
 760 05c8 E057     	 .short 22496
 761 05ca F957     	 .short 22521
 762 05cc 1158     	 .short 22545
 763 05ce 2958     	 .short 22569
 764 05d0 4258     	 .short 22594
 765 05d2 5A58     	 .short 22618
 766 05d4 7258     	 .short 22642
 767 05d6 8A58     	 .short 22666
 768 05d8 A358     	 .short 22691
 769 05da BB58     	 .short 22715
 770 05dc D358     	 .short 22739
 771 05de EB58     	 .short 22763
 772 05e0 0359     	 .short 22787
 773 05e2 1B59     	 .short 22811
 774 05e4 3359     	 .short 22835
 775 05e6 4B59     	 .short 22859
 776 05e8 6359     	 .short 22883
 777 05ea 7B59     	 .short 22907
 778 05ec 9359     	 .short 22931
 779 05ee AB59     	 .short 22955
 780 05f0 C359     	 .short 22979
 781 05f2 DB59     	 .short 23003
 782 05f4 F359     	 .short 23027
 783 05f6 0A5A     	 .short 23050
 784 05f8 225A     	 .short 23074
 785 05fa 3A5A     	 .short 23098
 786 05fc 525A     	 .short 23122
 787 05fe 6A5A     	 .short 23146
 788 0600 815A     	 .short 23169
 789 0602 995A     	 .short 23193
 790 0604 B15A     	 .short 23217
 791 0606 C85A     	 .short 23240
 792 0608 E05A     	 .short 23264
 793 060a F75A     	 .short 23287
 794 060c 0F5B     	 .short 23311
 795 060e 275B     	 .short 23335
 796 0610 3E5B     	 .short 23358
 797 0612 565B     	 .short 23382
 798 0614 6D5B     	 .short 23405
 799 0616 845B     	 .short 23428
 800 0618 9C5B     	 .short 23452
 801 061a B35B     	 .short 23475
 802 061c CB5B     	 .short 23499
 803 061e E25B     	 .short 23522
 804 0620 F95B     	 .short 23545
 805 0622 115C     	 .short 23569
 806 0624 285C     	 .short 23592
 807 0626 3F5C     	 .short 23615
 808 0628 565C     	 .short 23638
 809 062a 6D5C     	 .short 23661
 810 062c 855C     	 .short 23685
 811 062e 9C5C     	 .short 23708
 812 0630 B35C     	 .short 23731
 813 0632 CA5C     	 .short 23754
 814 0634 E15C     	 .short 23777
 815 0636 F85C     	 .short 23800
 816 0638 0F5D     	 .short 23823
 817 063a 265D     	 .short 23846
 818 063c 3D5D     	 .short 23869
 819 063e 545D     	 .short 23892
 820 0640 6B5D     	 .short 23915
 821 0642 825D     	 .short 23938
 822 0644 995D     	 .short 23961
 823 0646 B05D     	 .short 23984
 824 0648 C65D     	 .short 24006
 825 064a DD5D     	 .short 24029
 826 064c F45D     	 .short 24052
 827 064e 0B5E     	 .short 24075
 828 0650 215E     	 .short 24097
 829 0652 385E     	 .short 24120
 830 0654 4F5E     	 .short 24143
 831 0656 655E     	 .short 24165
 832 0658 7C5E     	 .short 24188
 833 065a 935E     	 .short 24211
 834 065c A95E     	 .short 24233
 835 065e C05E     	 .short 24256
 836 0660 D65E     	 .short 24278
 837 0662 ED5E     	 .short 24301
 838 0664 035F     	 .short 24323
 839 0666 1A5F     	 .short 24346
 840 0668 305F     	 .short 24368
 841 066a 465F     	 .short 24390
 842 066c 5D5F     	 .short 24413
 843 066e 735F     	 .short 24435
 844 0670 895F     	 .short 24457
 845 0672 A05F     	 .short 24480
 846 0674 B65F     	 .short 24502
 847 0676 CC5F     	 .short 24524
 848 0678 E25F     	 .short 24546
 849 067a F95F     	 .short 24569
 850 067c 0F60     	 .short 24591
 851 067e 2560     	 .short 24613
 852 0680 3B60     	 .short 24635
 853 0682 5160     	 .short 24657
 854 0684 6760     	 .short 24679
 855 0686 7D60     	 .short 24701
 856 0688 9360     	 .short 24723
 857 068a A960     	 .short 24745
 858 068c BF60     	 .short 24767
 859 068e D560     	 .short 24789
 860 0690 EB60     	 .short 24811
 861 0692 0161     	 .short 24833
 862 0694 1761     	 .short 24855
 863 0696 2C61     	 .short 24876
 864 0698 4261     	 .short 24898
 865 069a 5861     	 .short 24920
 866 069c 6E61     	 .short 24942
 867 069e 8461     	 .short 24964
 868 06a0 9961     	 .short 24985
 869 06a2 AF61     	 .short 25007
 870 06a4 C561     	 .short 25029
 871 06a6 DA61     	 .short 25050
 872 06a8 F061     	 .short 25072
 873 06aa 0562     	 .short 25093
 874 06ac 1B62     	 .short 25115
 875 06ae 3062     	 .short 25136
 876 06b0 4662     	 .short 25158
 877 06b2 5B62     	 .short 25179
 878 06b4 7162     	 .short 25201
 879 06b6 8662     	 .short 25222
 880 06b8 9B62     	 .short 25243
 881 06ba B162     	 .short 25265
 882 06bc C662     	 .short 25286
 883 06be DB62     	 .short 25307
 884 06c0 F162     	 .short 25329
 885 06c2 0663     	 .short 25350
 886 06c4 1B63     	 .short 25371
 887 06c6 3063     	 .short 25392
 888 06c8 4663     	 .short 25414
 889 06ca 5B63     	 .short 25435
 890 06cc 7063     	 .short 25456
 891 06ce 8563     	 .short 25477
 892 06d0 9A63     	 .short 25498
 893 06d2 AF63     	 .short 25519
 894 06d4 C463     	 .short 25540
 895 06d6 D963     	 .short 25561
 896 06d8 EE63     	 .short 25582
 897 06da 0364     	 .short 25603
 898 06dc 1864     	 .short 25624
 899 06de 2D64     	 .short 25645
 900 06e0 4164     	 .short 25665
 901 06e2 5664     	 .short 25686
 902 06e4 6B64     	 .short 25707
 903 06e6 8064     	 .short 25728
 904 06e8 9564     	 .short 25749
 905 06ea A964     	 .short 25769
 906 06ec BE64     	 .short 25790
 907 06ee D364     	 .short 25811
 908 06f0 E764     	 .short 25831
 909 06f2 FC64     	 .short 25852
 910 06f4 1065     	 .short 25872
 911 06f6 2565     	 .short 25893
 912 06f8 3965     	 .short 25913
 913 06fa 4E65     	 .short 25934
 914 06fc 6265     	 .short 25954
 915 06fe 7765     	 .short 25975
 916 0700 8B65     	 .short 25995
 917 0702 A065     	 .short 26016
 918 0704 B465     	 .short 26036
 919 0706 C865     	 .short 26056
 920 0708 DD65     	 .short 26077
 921 070a F165     	 .short 26097
 922 070c 0566     	 .short 26117
 923 070e 1966     	 .short 26137
 924 0710 2E66     	 .short 26158
 925 0712 4266     	 .short 26178
 926 0714 5666     	 .short 26198
 927 0716 6A66     	 .short 26218
 928 0718 7E66     	 .short 26238
 929 071a 9266     	 .short 26258
 930 071c A666     	 .short 26278
 931 071e BA66     	 .short 26298
 932 0720 CE66     	 .short 26318
 933 0722 E266     	 .short 26338
 934 0724 F666     	 .short 26358
 935 0726 0A67     	 .short 26378
 936 0728 1E67     	 .short 26398
 937 072a 3267     	 .short 26418
 938 072c 4567     	 .short 26437
 939 072e 5967     	 .short 26457
 940 0730 6D67     	 .short 26477
 941 0732 8167     	 .short 26497
 942 0734 9467     	 .short 26516
 943 0736 A867     	 .short 26536
 944 0738 BC67     	 .short 26556
 945 073a CF67     	 .short 26575
 946 073c E367     	 .short 26595
 947 073e F667     	 .short 26614
 948 0740 0A68     	 .short 26634
 949 0742 1E68     	 .short 26654
 950 0744 3168     	 .short 26673
 951 0746 4468     	 .short 26692
 952 0748 5868     	 .short 26712
 953 074a 6B68     	 .short 26731
 954 074c 7F68     	 .short 26751
 955 074e 9268     	 .short 26770
 956 0750 A568     	 .short 26789
 957 0752 B968     	 .short 26809
 958 0754 CC68     	 .short 26828
 959 0756 DF68     	 .short 26847
 960 0758 F268     	 .short 26866
 961 075a 0569     	 .short 26885
 962 075c 1969     	 .short 26905
 963 075e 2C69     	 .short 26924
 964 0760 3F69     	 .short 26943
 965 0762 5269     	 .short 26962
 966 0764 6569     	 .short 26981
 967 0766 7869     	 .short 27000
 968 0768 8B69     	 .short 27019
 969 076a 9E69     	 .short 27038
 970 076c B169     	 .short 27057
 971 076e C469     	 .short 27076
 972 0770 D669     	 .short 27094
 973 0772 E969     	 .short 27113
 974 0774 FC69     	 .short 27132
 975 0776 0F6A     	 .short 27151
 976 0778 226A     	 .short 27170
 977 077a 346A     	 .short 27188
 978 077c 476A     	 .short 27207
 979 077e 5A6A     	 .short 27226
 980 0780 6C6A     	 .short 27244
 981 0782 7F6A     	 .short 27263
 982 0784 916A     	 .short 27281
 983 0786 A46A     	 .short 27300
 984 0788 B66A     	 .short 27318
 985 078a C96A     	 .short 27337
 986 078c DB6A     	 .short 27355
 987 078e EE6A     	 .short 27374
 988 0790 006B     	 .short 27392
 989 0792 136B     	 .short 27411
 990 0794 256B     	 .short 27429
 991 0796 376B     	 .short 27447
 992 0798 4A6B     	 .short 27466
 993 079a 5C6B     	 .short 27484
 994 079c 6E6B     	 .short 27502
 995 079e 806B     	 .short 27520
 996 07a0 926B     	 .short 27538
 997 07a2 A56B     	 .short 27557
 998 07a4 B76B     	 .short 27575
 999 07a6 C96B     	 .short 27593
 1000 07a8 DB6B     	 .short 27611
 1001 07aa ED6B     	 .short 27629
 1002 07ac FF6B     	 .short 27647
 1003 07ae 116C     	 .short 27665
 1004 07b0 236C     	 .short 27683
 1005 07b2 356C     	 .short 27701
 1006 07b4 476C     	 .short 27719
 1007 07b6 586C     	 .short 27736
 1008 07b8 6A6C     	 .short 27754
 1009 07ba 7C6C     	 .short 27772
 1010 07bc 8E6C     	 .short 27790
 1011 07be A06C     	 .short 27808
 1012 07c0 B16C     	 .short 27825
 1013 07c2 C36C     	 .short 27843
 1014 07c4 D56C     	 .short 27861
 1015 07c6 E66C     	 .short 27878
 1016 07c8 F86C     	 .short 27896
 1017 07ca 096D     	 .short 27913
 1018 07cc 1B6D     	 .short 27931
 1019 07ce 2C6D     	 .short 27948
 1020 07d0 3E6D     	 .short 27966
 1021 07d2 4F6D     	 .short 27983
 1022 07d4 616D     	 .short 28001
 1023 07d6 726D     	 .short 28018
 1024 07d8 846D     	 .short 28036
 1025 07da 956D     	 .short 28053
 1026 07dc A66D     	 .short 28070
 1027 07de B76D     	 .short 28087
 1028 07e0 C96D     	 .short 28105
 1029 07e2 DA6D     	 .short 28122
 1030 07e4 EB6D     	 .short 28139
 1031 07e6 FC6D     	 .short 28156
 1032 07e8 0D6E     	 .short 28173
 1033 07ea 1E6E     	 .short 28190
 1034 07ec 306E     	 .short 28208
 1035 07ee 416E     	 .short 28225
 1036 07f0 526E     	 .short 28242
 1037 07f2 636E     	 .short 28259
 1038 07f4 736E     	 .short 28275
 1039 07f6 846E     	 .short 28292
 1040 07f8 956E     	 .short 28309
 1041 07fa A66E     	 .short 28326
 1042 07fc B76E     	 .short 28343
 1043 07fe C86E     	 .short 28360
 1044 0800 D96E     	 .short 28377
 1045              	 .ident "GCC: (GNU Tools for ARM Embedded Processors) 4.9.3 20141119 (release) [ARM/embedded-4_9-branch revision 218278]"
DEFINED SYMBOLS
                            *ABS*:00000000 pwm_svm_table.c
    {standard input}:19     .rodata.Sinus60_tab:00000000 Sinus60_tab
    {standard input}:16     .rodata.Sinus60_tab:00000000 $d

NO UNDEFINED SYMBOLS
