   1              	 .cpu cortex-m0
   2              	 .fpu softvfp
   3              	 .eabi_attribute 20,1
   4              	 .eabi_attribute 21,1
   5              	 .eabi_attribute 23,3
   6              	 .eabi_attribute 24,1
   7              	 .eabi_attribute 25,1
   8              	 .eabi_attribute 26,1
   9              	 .eabi_attribute 30,4
  10              	 .eabi_attribute 34,0
  11              	 .eabi_attribute 18,4
  12              	 .code 16
  13              	 .file "xmc_gpio.c"
  14              	 .section .text.XMC_GPIO_SetMode,"ax",%progbits
  15              	 .align 1
  16              	 .global XMC_GPIO_SetMode
  17              	 .code 16
  18              	 .thumb_func
  20              	XMC_GPIO_SetMode:
  21 0000 8B08     	 lsr r3,r1,#2
  22 0002 9B00     	 lsl r3,r3,#2
  23 0004 C018     	 add r0,r0,r3
  24 0006 0323     	 mov r3,#3
  25 0008 1940     	 and r1,r3
  26 000a 9940     	 lsl r1,r1,r3
  27 000c 8A40     	 lsl r2,r2,r1
  28 000e F533     	 add r3,r3,#245
  29 0010 8B40     	 lsl r3,r3,r1
  30 0012 111C     	 mov r1,r2
  31 0014 10B5     	 push {r4,lr}
  32 0016 0469     	 ldr r4,[r0,#16]
  33              	 
  34 0018 9C43     	 bic r4,r3
  35 001a 0461     	 str r4,[r0,#16]
  36 001c 0369     	 ldr r3,[r0,#16]
  37 001e 1943     	 orr r1,r3
  38 0020 0161     	 str r1,[r0,#16]
  39 0022 10BD     	 pop {r4,pc}
  41              	 .section .text.XMC_GPIO_SetHardwareControl,"ax",%progbits
  42              	 .align 1
  43              	 .global XMC_GPIO_SetHardwareControl
  44              	 .code 16
  45              	 .thumb_func
  47              	XMC_GPIO_SetHardwareControl:
  48 0000 10B5     	 push {r4,lr}
  49 0002 0324     	 mov r4,#3
  50 0004 4900     	 lsl r1,r1,#1
  51 0006 8A40     	 lsl r2,r2,r1
  52 0008 8C40     	 lsl r4,r4,r1
  53 000a 111C     	 mov r1,r2
  54 000c 436F     	 ldr r3,[r0,#116]
  55              	 
  56 000e A343     	 bic r3,r4
  57 0010 4367     	 str r3,[r0,#116]
  58 0012 436F     	 ldr r3,[r0,#116]
  59 0014 1943     	 orr r1,r3
  60 0016 4167     	 str r1,[r0,#116]
  61 0018 10BD     	 pop {r4,pc}
  63              	 .ident "GCC: (GNU Tools for ARM Embedded Processors) 4.9.3 20141119 (release) [ARM/embedded-4_9-branch revision 218278]"
DEFINED SYMBOLS
                            *ABS*:00000000 xmc_gpio.c
    {standard input}:15     .text.XMC_GPIO_SetMode:00000000 $t
    {standard input}:20     .text.XMC_GPIO_SetMode:00000000 XMC_GPIO_SetMode
    {standard input}:42     .text.XMC_GPIO_SetHardwareControl:00000000 $t
    {standard input}:47     .text.XMC_GPIO_SetHardwareControl:00000000 XMC_GPIO_SetHardwareControl

NO UNDEFINED SYMBOLS
