   1              	 .cpu cortex-m0
   2              	 .fpu softvfp
   3              	 .eabi_attribute 20,1
   4              	 .eabi_attribute 21,1
   5              	 .eabi_attribute 23,3
   6              	 .eabi_attribute 24,1
   7              	 .eabi_attribute 25,1
   8              	 .eabi_attribute 26,1
   9              	 .eabi_attribute 30,4
  10              	 .eabi_attribute 34,0
  11              	 .eabi_attribute 18,4
  12              	 .code 16
  13              	 .file "xmc_usic.c"
  14              	 .section .text.XMC_USIC_Enable.part.0,"ax",%progbits
  15              	 .align 1
  16              	 .code 16
  17              	 .thumb_func
  19              	XMC_USIC_Enable.part.0:
  20 0000 08B5     	 push {r3,lr}
  21 0002 0820     	 mov r0,#8
  22 0004 FFF7FEFF 	 bl XMC_SCU_CLOCK_UngatePeripheralClock
  23              	.L2:
  24 0008 0820     	 mov r0,#8
  25 000a FFF7FEFF 	 bl XMC_SCU_CLOCK_IsPeripheralClockGated
  26 000e 0028     	 cmp r0,#0
  27 0010 FAD1     	 bne .L2
  28              	 
  29 0012 08BD     	 pop {r3,pc}
  31              	 .section .text.XMC_USIC_CH_Enable,"ax",%progbits
  32              	 .align 1
  33              	 .global XMC_USIC_CH_Enable
  34              	 .code 16
  35              	 .thumb_func
  37              	XMC_USIC_CH_Enable:
  38 0000 9023     	 mov r3,#144
  39 0002 10B5     	 push {r4,lr}
  40 0004 DB05     	 lsl r3,r3,#23
  41 0006 041E     	 sub r4,r0,#0
  42 0008 9C42     	 cmp r4,r3
  43 000a 02D0     	 beq .L5
  44 000c 074B     	 ldr r3,.L9
  45 000e 9842     	 cmp r0,r3
  46 0010 01D1     	 bne .L6
  47              	.L5:
  48 0012 FFF7FEFF 	 bl XMC_USIC_Enable.part.0
  49              	.L6:
  50 0016 0323     	 mov r3,#3
  51 0018 E360     	 str r3,[r4,#12]
  52              	.L7:
  53 001a E368     	 ldr r3,[r4,#12]
  54 001c DB07     	 lsl r3,r3,#31
  55 001e FCD5     	 bpl .L7
  56 0020 0F22     	 mov r2,#15
  57 0022 236C     	 ldr r3,[r4,#64]
  58              	 
  59 0024 9343     	 bic r3,r2
  60 0026 2364     	 str r3,[r4,#64]
  61 0028 10BD     	 pop {r4,pc}
  62              	.L10:
  63 002a C046     	 .align 2
  64              	.L9:
  65 002c 00020048 	 .word 1207960064
  67              	 .section .text.XMC_USIC_CH_Disable,"ax",%progbits
  68              	 .align 1
  69              	 .global XMC_USIC_CH_Disable
  70              	 .code 16
  71              	 .thumb_func
  73              	XMC_USIC_CH_Disable:
  74 0000 0322     	 mov r2,#3
  75 0002 C368     	 ldr r3,[r0,#12]
  76              	 
  77 0004 9343     	 bic r3,r2
  78 0006 013A     	 sub r2,r2,#1
  79 0008 1343     	 orr r3,r2
  80 000a C360     	 str r3,[r0,#12]
  81 000c 7047     	 bx lr
  83              	 .global __aeabi_uidiv
  84              	 .section .text.XMC_USIC_CH_SetBaudrate,"ax",%progbits
  85              	 .align 1
  86              	 .global XMC_USIC_CH_SetBaudrate
  87              	 .code 16
  88              	 .thumb_func
  90              	XMC_USIC_CH_SetBaudrate:
  91 0000 F0B5     	 push {r4,r5,r6,r7,lr}
  92 0002 0124     	 mov r4,#1
  93 0004 87B0     	 sub sp,sp,#28
  94 0006 6329     	 cmp r1,#99
  95 0008 40D9     	 bls .L13
  96 000a 002A     	 cmp r2,#0
  97 000c 3ED0     	 beq .L13
  98 000e 0E1C     	 mov r6,r1
  99 0010 0492     	 str r2,[sp,#16]
 100 0012 051C     	 mov r5,r0
 101 0014 FFF7FEFF 	 bl XMC_SCU_CLOCK_GetPeripheralClockFrequency
 102 0018 6421     	 mov r1,#100
 103 001a FFF7FEFF 	 bl __aeabi_uidiv
 104 001e 8027     	 mov r7,#128
 105 0020 0390     	 str r0,[sp,#12]
 106 0022 6421     	 mov r1,#100
 107 0024 301C     	 mov r0,r6
 108 0026 FFF7FEFF 	 bl __aeabi_uidiv
 109 002a FF00     	 lsl r7,r7,#3
 110 002c 0194     	 str r4,[sp,#4]
 111 002e 3C1C     	 mov r4,r7
 112 0030 049B     	 ldr r3,[sp,#16]
 113 0032 4343     	 mul r3,r0
 114 0034 0593     	 str r3,[sp,#20]
 115 0036 039B     	 ldr r3,[sp,#12]
 116 0038 9E02     	 lsl r6,r3,#10
 117 003a 164B     	 ldr r3,.L19
 118 003c 0293     	 str r3,[sp,#8]
 119              	.L15:
 120 003e 301C     	 mov r0,r6
 121 0040 0599     	 ldr r1,[sp,#20]
 122 0042 FFF7FEFF 	 bl __aeabi_uidiv
 123 0046 8022     	 mov r2,#128
 124 0048 830A     	 lsr r3,r0,#10
 125 004a D200     	 lsl r2,r2,#3
 126 004c 9342     	 cmp r3,r2
 127 004e 07D8     	 bhi .L14
 128 0050 029A     	 ldr r2,[sp,#8]
 129 0052 8005     	 lsl r0,r0,#22
 130 0054 800D     	 lsr r0,r0,#22
 131 0056 9042     	 cmp r0,r2
 132 0058 02D2     	 bcs .L14
 133 005a 271C     	 mov r7,r4
 134 005c 0290     	 str r0,[sp,#8]
 135 005e 0193     	 str r3,[sp,#4]
 136              	.L14:
 137 0060 039B     	 ldr r3,[sp,#12]
 138 0062 013C     	 sub r4,r4,#1
 139 0064 F61A     	 sub r6,r6,r3
 140 0066 002C     	 cmp r4,#0
 141 0068 E9D1     	 bne .L15
 142 006a 8022     	 mov r2,#128
 143 006c 7B1E     	 sub r3,r7,#1
 144 006e 1202     	 lsl r2,r2,#8
 145 0070 1343     	 orr r3,r2
 146 0072 2B61     	 str r3,[r5,#16]
 147 0074 049B     	 ldr r3,[sp,#16]
 148 0076 6969     	 ldr r1,[r5,#20]
 149 0078 074A     	 ldr r2,.L19+4
 150 007a 013B     	 sub r3,r3,#1
 151 007c 9B02     	 lsl r3,r3,#10
 152 007e 0A40     	 and r2,r1
 153 0080 1A43     	 orr r2,r3
 154 0082 019B     	 ldr r3,[sp,#4]
 155 0084 013B     	 sub r3,r3,#1
 156 0086 1B04     	 lsl r3,r3,#16
 157 0088 1A43     	 orr r2,r3
 158 008a 6A61     	 str r2,[r5,#20]
 159              	.L13:
 160 008c 201C     	 mov r0,r4
 161 008e 07B0     	 add sp,sp,#28
 162              	 
 163 0090 F0BD     	 pop {r4,r5,r6,r7,pc}
 164              	.L20:
 165 0092 C046     	 .align 2
 166              	.L19:
 167 0094 FF030000 	 .word 1023
 168 0098 EF8000FC 	 .word -67075857
 170              	 .global __aeabi_idiv
 171              	 .section .text.XMC_USIC_CH_SetBaudrateEx,"ax",%progbits
 172              	 .align 1
 173              	 .global XMC_USIC_CH_SetBaudrateEx
 174              	 .code 16
 175              	 .thumb_func
 177              	XMC_USIC_CH_SetBaudrateEx:
 178 0000 F0B5     	 push {r4,r5,r6,r7,lr}
 179 0002 85B0     	 sub sp,sp,#20
 180 0004 0192     	 str r2,[sp,#4]
 181 0006 071C     	 mov r7,r0
 182 0008 0391     	 str r1,[sp,#12]
 183 000a FFF7FEFF 	 bl XMC_SCU_CLOCK_GetPeripheralClockFrequency
 184 000e 019B     	 ldr r3,[sp,#4]
 185 0010 039A     	 ldr r2,[sp,#12]
 186 0012 061C     	 mov r6,r0
 187 0014 5343     	 mul r3,r2
 188 0016 0124     	 mov r4,#1
 189 0018 0093     	 str r3,[sp]
 190 001a 9842     	 cmp r0,r3
 191 001c 45DD     	 ble .L22
 192 001e 191C     	 mov r1,r3
 193 0020 FFF7FEFF 	 bl __aeabi_idiv
 194 0024 009B     	 ldr r3,[sp]
 195 0026 051C     	 mov r5,r0
 196 0028 A340     	 lsl r3,r3,r4
 197              	.L27:
 198 002a 0293     	 str r3,[sp,#8]
 199 002c 204B     	 ldr r3,.L29
 200 002e 9D42     	 cmp r5,r3
 201 0030 0AD9     	 bls .L28
 202 0032 301C     	 mov r0,r6
 203 0034 0299     	 ldr r1,[sp,#8]
 204 0036 FFF7FEFF 	 bl __aeabi_idiv
 205 003a 009A     	 ldr r2,[sp]
 206 003c 029B     	 ldr r3,[sp,#8]
 207 003e 9446     	 mov ip,r2
 208 0040 0134     	 add r4,r4,#1
 209 0042 051C     	 mov r5,r0
 210 0044 6344     	 add r3,r3,ip
 211 0046 F0E7     	 b .L27
 212              	.L28:
 213 0048 0199     	 ldr r1,[sp,#4]
 214 004a 6B1C     	 add r3,r5,#1
 215 004c 6143     	 mul r1,r4
 216 004e 301C     	 mov r0,r6
 217 0050 5943     	 mul r1,r3
 218 0052 0093     	 str r3,[sp]
 219 0054 FFF7FEFF 	 bl __aeabi_uidiv
 220 0058 211C     	 mov r1,r4
 221 005a 039B     	 ldr r3,[sp,#12]
 222 005c 6943     	 mul r1,r5
 223 005e 181A     	 sub r0,r3,r0
 224 0060 C217     	 asr r2,r0,#31
 225 0062 8318     	 add r3,r0,r2
 226 0064 5340     	 eor r3,r2
 227 0066 0293     	 str r3,[sp,#8]
 228 0068 019B     	 ldr r3,[sp,#4]
 229 006a 301C     	 mov r0,r6
 230 006c 5943     	 mul r1,r3
 231 006e FFF7FEFF 	 bl __aeabi_uidiv
 232 0072 039B     	 ldr r3,[sp,#12]
 233 0074 181A     	 sub r0,r3,r0
 234 0076 C317     	 asr r3,r0,#31
 235 0078 C018     	 add r0,r0,r3
 236 007a 5840     	 eor r0,r3
 237 007c 029B     	 ldr r3,[sp,#8]
 238 007e 8342     	 cmp r3,r0
 239 0080 00DA     	 bge .L25
 240 0082 009D     	 ldr r5,[sp]
 241              	.L25:
 242 0084 8023     	 mov r3,#128
 243 0086 DB00     	 lsl r3,r3,#3
 244 0088 5D1B     	 sub r5,r3,r5
 245 008a 8023     	 mov r3,#128
 246 008c DB01     	 lsl r3,r3,#7
 247 008e 1D43     	 orr r5,r3
 248 0090 3D61     	 str r5,[r7,#16]
 249 0092 019B     	 ldr r3,[sp,#4]
 250 0094 7969     	 ldr r1,[r7,#20]
 251 0096 074A     	 ldr r2,.L29+4
 252 0098 013B     	 sub r3,r3,#1
 253 009a 9B02     	 lsl r3,r3,#10
 254 009c 0A40     	 and r2,r1
 255 009e 013C     	 sub r4,r4,#1
 256 00a0 1343     	 orr r3,r2
 257 00a2 2404     	 lsl r4,r4,#16
 258 00a4 1C43     	 orr r4,r3
 259 00a6 7C61     	 str r4,[r7,#20]
 260 00a8 0024     	 mov r4,#0
 261              	.L22:
 262 00aa 201C     	 mov r0,r4
 263 00ac 05B0     	 add sp,sp,#20
 264              	 
 265 00ae F0BD     	 pop {r4,r5,r6,r7,pc}
 266              	.L30:
 267              	 .align 2
 268              	.L29:
 269 00b0 FE030000 	 .word 1022
 270 00b4 EF8000FC 	 .word -67075857
 272              	 .section .text.XMC_USIC_CH_SetBaudrateDivider,"ax",%progbits
 273              	 .align 1
 274              	 .global XMC_USIC_CH_SetBaudrateDivider
 275              	 .code 16
 276              	 .thumb_func
 278              	XMC_USIC_CH_SetBaudrateDivider:
 279 0000 F0B5     	 push {r4,r5,r6,r7,lr}
 280 0002 05AC     	 add r4,sp,#20
 281 0004 2778     	 ldrb r7,[r4]
 282 0006 4669     	 ldr r6,[r0,#20]
 283 0008 094C     	 ldr r4,.L34
 284 000a 1B04     	 lsl r3,r3,#16
 285 000c 2640     	 and r6,r4
 286 000e 541E     	 sub r4,r2,#1
 287 0010 A241     	 sbc r2,r2,r4
 288 0012 079C     	 ldr r4,[sp,#28]
 289 0014 1201     	 lsl r2,r2,#4
 290 0016 A402     	 lsl r4,r4,#10
 291 0018 2643     	 orr r6,r4
 292 001a 069C     	 ldr r4,[sp,#24]
 293              	 
 294 001c 2502     	 lsl r5,r4,#8
 295 001e 341C     	 mov r4,r6
 296 0020 2C43     	 orr r4,r5
 297 0022 3C43     	 orr r4,r7
 298 0024 2343     	 orr r3,r4
 299 0026 0B43     	 orr r3,r1
 300 0028 1343     	 orr r3,r2
 301 002a 4361     	 str r3,[r0,#20]
 302 002c F0BD     	 pop {r4,r5,r6,r7,pc}
 303              	.L35:
 304 002e C046     	 .align 2
 305              	.L34:
 306 0030 2C8000FC 	 .word -67076052
 308              	 .global __aeabi_ui2f
 309              	 .global __aeabi_fmul
 310              	 .global __aeabi_fdiv
 311              	 .global __aeabi_f2uiz
 312              	 .section .text.XMC_USIC_CH_GetBaudrate,"ax",%progbits
 313              	 .align 1
 314              	 .global XMC_USIC_CH_GetBaudrate
 315              	 .code 16
 316              	 .thumb_func
 318              	XMC_USIC_CH_GetBaudrate:
 319 0000 C023     	 mov r3,#192
 320 0002 4269     	 ldr r2,[r0,#20]
 321 0004 70B5     	 push {r4,r5,r6,lr}
 322 0006 1A40     	 and r2,r3
 323 0008 051C     	 mov r5,r0
 324 000a BE3B     	 sub r3,r3,#190
 325 000c C02A     	 cmp r2,#192
 326 000e 0FD0     	 beq .L37
 327 0010 4369     	 ldr r3,[r0,#20]
 328 0012 4269     	 ldr r2,[r0,#20]
 329 0014 DB06     	 lsl r3,r3,#27
 330 0016 DB0F     	 lsr r3,r3,#31
 331 0018 0133     	 add r3,r3,#1
 332 001a 5206     	 lsl r2,r2,#25
 333 001c 08D4     	 bmi .L37
 334 001e 4269     	 ldr r2,[r0,#20]
 335 0020 9201     	 lsl r2,r2,#6
 336 0022 920D     	 lsr r2,r2,#22
 337 0024 0132     	 add r2,r2,#1
 338 0026 5343     	 mul r3,r2
 339 0028 4269     	 ldr r2,[r0,#20]
 340 002a 1206     	 lsl r2,r2,#24
 341 002c 00D5     	 bpl .L37
 342 002e 5B00     	 lsl r3,r3,#1
 343              	.L37:
 344 0030 6A69     	 ldr r2,[r5,#20]
 345 0032 6C69     	 ldr r4,[r5,#20]
 346 0034 9205     	 lsl r2,r2,#22
 347 0036 6404     	 lsl r4,r4,#17
 348 0038 E40E     	 lsr r4,r4,#27
 349 003a 920F     	 lsr r2,r2,#30
 350 003c 0132     	 add r2,r2,#1
 351 003e 0134     	 add r4,r4,#1
 352 0040 5443     	 mul r4,r2
 353 0042 5C43     	 mul r4,r3
 354 0044 FFF7FEFF 	 bl XMC_SCU_CLOCK_GetPeripheralClockFrequency
 355 0048 C023     	 mov r3,#192
 356 004a 2A69     	 ldr r2,[r5,#16]
 357 004c 1B02     	 lsl r3,r3,#8
 358 004e 1340     	 and r3,r2
 359 0050 8022     	 mov r2,#128
 360 0052 2D69     	 ldr r5,[r5,#16]
 361 0054 1202     	 lsl r2,r2,#8
 362 0056 9342     	 cmp r3,r2
 363 0058 0BD1     	 bne .L39
 364 005a FFF7FEFF 	 bl __aeabi_ui2f
 365 005e 061C     	 add r6,r0,#0
 366 0060 A805     	 lsl r0,r5,#22
 367 0062 800D     	 lsr r0,r0,#22
 368 0064 FFF7FEFF 	 bl __aeabi_ui2f
 369 0068 EA21     	 mov r1,#234
 370 006a 8905     	 lsl r1,r1,#22
 371 006c FFF7FEFF 	 bl __aeabi_fmul
 372 0070 0EE0     	 b .L46
 373              	.L39:
 374 0072 FFF7FEFF 	 bl __aeabi_ui2f
 375 0076 061C     	 add r6,r0,#0
 376 0078 8020     	 mov r0,#128
 377 007a AD05     	 lsl r5,r5,#22
 378 007c AD0D     	 lsr r5,r5,#22
 379 007e C000     	 lsl r0,r0,#3
 380 0080 401B     	 sub r0,r0,r5
 381 0082 FFF7FEFF 	 bl __aeabi_ui2f
 382 0086 011C     	 add r1,r0,#0
 383 0088 FE20     	 mov r0,#254
 384 008a 8005     	 lsl r0,r0,#22
 385 008c FFF7FEFF 	 bl __aeabi_fdiv
 386              	.L46:
 387 0090 011C     	 add r1,r0,#0
 388 0092 301C     	 add r0,r6,#0
 389 0094 FFF7FEFF 	 bl __aeabi_fmul
 390 0098 051C     	 add r5,r0,#0
 391 009a 201C     	 mov r0,r4
 392 009c FFF7FEFF 	 bl __aeabi_ui2f
 393 00a0 011C     	 add r1,r0,#0
 394 00a2 281C     	 add r0,r5,#0
 395 00a4 FFF7FEFF 	 bl __aeabi_fdiv
 396 00a8 FFF7FEFF 	 bl __aeabi_f2uiz
 397              	 
 398 00ac 70BD     	 pop {r4,r5,r6,pc}
 400              	 .section .text.XMC_USIC_CH_GetSCLKFrequency,"ax",%progbits
 401              	 .align 1
 402              	 .global XMC_USIC_CH_GetSCLKFrequency
 403              	 .code 16
 404              	 .thumb_func
 406              	XMC_USIC_CH_GetSCLKFrequency:
 407 0000 70B5     	 push {r4,r5,r6,lr}
 408 0002 4469     	 ldr r4,[r0,#20]
 409 0004 4369     	 ldr r3,[r0,#20]
 410 0006 E406     	 lsl r4,r4,#27
 411 0008 9B01     	 lsl r3,r3,#6
 412 000a 9B0D     	 lsr r3,r3,#22
 413 000c E40F     	 lsr r4,r4,#31
 414 000e 0133     	 add r3,r3,#1
 415 0010 051C     	 mov r5,r0
 416 0012 5B00     	 lsl r3,r3,#1
 417 0014 0134     	 add r4,r4,#1
 418 0016 5C43     	 mul r4,r3
 419 0018 FFF7FEFF 	 bl XMC_SCU_CLOCK_GetPeripheralClockFrequency
 420 001c C023     	 mov r3,#192
 421 001e 2A69     	 ldr r2,[r5,#16]
 422 0020 1B02     	 lsl r3,r3,#8
 423 0022 1340     	 and r3,r2
 424 0024 8022     	 mov r2,#128
 425 0026 2D69     	 ldr r5,[r5,#16]
 426 0028 1202     	 lsl r2,r2,#8
 427 002a 9342     	 cmp r3,r2
 428 002c 0BD1     	 bne .L49
 429 002e FFF7FEFF 	 bl __aeabi_ui2f
 430 0032 061C     	 add r6,r0,#0
 431 0034 A805     	 lsl r0,r5,#22
 432 0036 800D     	 lsr r0,r0,#22
 433 0038 FFF7FEFF 	 bl __aeabi_ui2f
 434 003c EA21     	 mov r1,#234
 435 003e 8905     	 lsl r1,r1,#22
 436 0040 FFF7FEFF 	 bl __aeabi_fmul
 437 0044 0EE0     	 b .L52
 438              	.L49:
 439 0046 FFF7FEFF 	 bl __aeabi_ui2f
 440 004a 061C     	 add r6,r0,#0
 441 004c 8020     	 mov r0,#128
 442 004e AD05     	 lsl r5,r5,#22
 443 0050 AD0D     	 lsr r5,r5,#22
 444 0052 C000     	 lsl r0,r0,#3
 445 0054 401B     	 sub r0,r0,r5
 446 0056 FFF7FEFF 	 bl __aeabi_ui2f
 447 005a 011C     	 add r1,r0,#0
 448 005c FE20     	 mov r0,#254
 449 005e 8005     	 lsl r0,r0,#22
 450 0060 FFF7FEFF 	 bl __aeabi_fdiv
 451              	.L52:
 452 0064 011C     	 add r1,r0,#0
 453 0066 301C     	 add r0,r6,#0
 454 0068 FFF7FEFF 	 bl __aeabi_fmul
 455 006c 051C     	 add r5,r0,#0
 456 006e 201C     	 mov r0,r4
 457 0070 FFF7FEFF 	 bl __aeabi_ui2f
 458 0074 011C     	 add r1,r0,#0
 459 0076 281C     	 add r0,r5,#0
 460 0078 FFF7FEFF 	 bl __aeabi_fdiv
 461 007c FFF7FEFF 	 bl __aeabi_f2uiz
 462              	 
 463 0080 70BD     	 pop {r4,r5,r6,pc}
 465              	 .section .text.XMC_USIC_CH_GetMCLKFrequency,"ax",%progbits
 466              	 .align 1
 467              	 .global XMC_USIC_CH_GetMCLKFrequency
 468              	 .code 16
 469              	 .thumb_func
 471              	XMC_USIC_CH_GetMCLKFrequency:
 472 0000 38B5     	 push {r3,r4,r5,lr}
 473 0002 041C     	 mov r4,r0
 474 0004 FFF7FEFF 	 bl XMC_SCU_CLOCK_GetPeripheralClockFrequency
 475 0008 C023     	 mov r3,#192
 476 000a 2269     	 ldr r2,[r4,#16]
 477 000c 1B02     	 lsl r3,r3,#8
 478 000e 1340     	 and r3,r2
 479 0010 8022     	 mov r2,#128
 480 0012 2469     	 ldr r4,[r4,#16]
 481 0014 1202     	 lsl r2,r2,#8
 482 0016 9342     	 cmp r3,r2
 483 0018 13D1     	 bne .L54
 484 001a FFF7FEFF 	 bl __aeabi_ui2f
 485 001e 051C     	 add r5,r0,#0
 486 0020 8020     	 mov r0,#128
 487 0022 A405     	 lsl r4,r4,#22
 488 0024 A40D     	 lsr r4,r4,#22
 489 0026 C000     	 lsl r0,r0,#3
 490 0028 001B     	 sub r0,r0,r4
 491 002a FFF7FEFF 	 bl __aeabi_ui2f
 492 002e 011C     	 add r1,r0,#0
 493 0030 FE20     	 mov r0,#254
 494 0032 8005     	 lsl r0,r0,#22
 495 0034 FFF7FEFF 	 bl __aeabi_fdiv
 496 0038 011C     	 add r1,r0,#0
 497 003a 281C     	 add r0,r5,#0
 498 003c FFF7FEFF 	 bl __aeabi_fmul
 499 0040 0EE0     	 b .L55
 500              	.L54:
 501 0042 FFF7FEFF 	 bl __aeabi_ui2f
 502 0046 051C     	 add r5,r0,#0
 503 0048 A005     	 lsl r0,r4,#22
 504 004a 800D     	 lsr r0,r0,#22
 505 004c FFF7FEFF 	 bl __aeabi_ui2f
 506 0050 EA21     	 mov r1,#234
 507 0052 8905     	 lsl r1,r1,#22
 508 0054 FFF7FEFF 	 bl __aeabi_fmul
 509 0058 011C     	 add r1,r0,#0
 510 005a 281C     	 add r0,r5,#0
 511 005c FFF7FEFF 	 bl __aeabi_fdiv
 512              	.L55:
 513 0060 FC21     	 mov r1,#252
 514 0062 8905     	 lsl r1,r1,#22
 515 0064 FFF7FEFF 	 bl __aeabi_fmul
 516 0068 FFF7FEFF 	 bl __aeabi_f2uiz
 517              	 
 518 006c 38BD     	 pop {r3,r4,r5,pc}
 520              	 .section .text.XMC_USIC_CH_ConfigExternalInputSignalToBRG,"ax",%progbits
 521              	 .align 1
 522              	 .global XMC_USIC_CH_ConfigExternalInputSignalToBRG
 523              	 .code 16
 524              	 .thumb_func
 526              	XMC_USIC_CH_ConfigExternalInputSignalToBRG:
 527 0000 30B5     	 push {r4,r5,lr}
 528 0002 0325     	 mov r5,#3
 529 0004 4469     	 ldr r4,[r0,#20]
 530 0006 9B02     	 lsl r3,r3,#10
 531 0008 AC43     	 bic r4,r5
 532 000a 013D     	 sub r5,r5,#1
 533 000c 2C43     	 orr r4,r5
 534 000e 4461     	 str r4,[r0,#20]
 535 0010 056A     	 ldr r5,[r0,#32]
 536 0012 084C     	 ldr r4,.L57
 537 0014 0139     	 sub r1,r1,#1
 538 0016 2C40     	 and r4,r5
 539 0018 2343     	 orr r3,r4
 540 001a 0362     	 str r3,[r0,#32]
 541 001c 4469     	 ldr r4,[r0,#20]
 542 001e 531E     	 sub r3,r2,#1
 543 0020 221C     	 mov r2,r4
 544 0022 9B02     	 lsl r3,r3,#10
 545 0024 0904     	 lsl r1,r1,#16
 546 0026 1943     	 orr r1,r3
 547 0028 034B     	 ldr r3,.L57+4
 548              	 
 549 002a 1A40     	 and r2,r3
 550 002c 1143     	 orr r1,r2
 551 002e 4161     	 str r1,[r0,#20]
 552 0030 30BD     	 pop {r4,r5,pc}
 553              	.L58:
 554 0032 C046     	 .align 2
 555              	.L57:
 556 0034 FFF3FFFF 	 .word -3073
 557 0038 EF8000FC 	 .word -67075857
 559              	 .section .text.XMC_USIC_CH_TXFIFO_Configure,"ax",%progbits
 560              	 .align 1
 561              	 .global XMC_USIC_CH_TXFIFO_Configure
 562              	 .code 16
 563              	 .thumb_func
 565              	XMC_USIC_CH_TXFIFO_Configure:
 566 0000 FC30     	 add r0,r0,#252
 567 0002 30B5     	 push {r4,r5,lr}
 568 0004 C568     	 ldr r5,[r0,#12]
 569 0006 064C     	 ldr r4,.L60
 570 0008 1206     	 lsl r2,r2,#24
 571 000a 2C40     	 and r4,r5
 572 000c C460     	 str r4,[r0,#12]
 573 000e C568     	 ldr r5,[r0,#12]
 574 0010 044C     	 ldr r4,.L60+4
 575 0012 1B02     	 lsl r3,r3,#8
 576 0014 2C40     	 and r4,r5
 577 0016 2143     	 orr r1,r4
 578 0018 0A43     	 orr r2,r1
 579 001a 1343     	 orr r3,r2
 580 001c C360     	 str r3,[r0,#12]
 581              	 
 582 001e 30BD     	 pop {r4,r5,pc}
 583              	.L61:
 584              	 .align 2
 585              	.L60:
 586 0020 FFFFFFF8 	 .word -117440513
 587 0024 C0C0FFF8 	 .word -117456704
 589              	 .section .text.XMC_USIC_CH_RXFIFO_Configure,"ax",%progbits
 590              	 .align 1
 591              	 .global XMC_USIC_CH_RXFIFO_Configure
 592              	 .code 16
 593              	 .thumb_func
 595              	XMC_USIC_CH_RXFIFO_Configure:
 596 0000 FC30     	 add r0,r0,#252
 597 0002 30B5     	 push {r4,r5,lr}
 598 0004 0569     	 ldr r5,[r0,#16]
 599 0006 084C     	 ldr r4,.L63
 600 0008 1206     	 lsl r2,r2,#24
 601 000a 2C40     	 and r4,r5
 602 000c 0461     	 str r4,[r0,#16]
 603 000e 0469     	 ldr r4,[r0,#16]
 604 0010 064D     	 ldr r5,.L63+4
 605 0012 1B02     	 lsl r3,r3,#8
 606 0014 2540     	 and r5,r4
 607 0016 8024     	 mov r4,#128
 608 0018 6405     	 lsl r4,r4,#21
 609 001a 2C43     	 orr r4,r5
 610 001c 2143     	 orr r1,r4
 611 001e 0A43     	 orr r2,r1
 612 0020 1343     	 orr r3,r2
 613 0022 0361     	 str r3,[r0,#16]
 614              	 
 615 0024 30BD     	 pop {r4,r5,pc}
 616              	.L64:
 617 0026 C046     	 .align 2
 618              	.L63:
 619 0028 FFFFFFF8 	 .word -117440513
 620 002c C0C0FFEF 	 .word -268451648
 622              	 .section .text.XMC_USIC_CH_TXFIFO_SetSizeTriggerLimit,"ax",%progbits
 623              	 .align 1
 624              	 .global XMC_USIC_CH_TXFIFO_SetSizeTriggerLimit
 625              	 .code 16
 626              	 .thumb_func
 628              	XMC_USIC_CH_TXFIFO_SetSizeTriggerLimit:
 629 0000 FC30     	 add r0,r0,#252
 630 0002 C168     	 ldr r1,[r0,#12]
 631 0004 024B     	 ldr r3,.L66
 632 0006 1202     	 lsl r2,r2,#8
 633 0008 0B40     	 and r3,r1
 634 000a 1A43     	 orr r2,r3
 635 000c C260     	 str r2,[r0,#12]
 636              	 
 637 000e 7047     	 bx lr
 638              	.L67:
 639              	 .align 2
 640              	.L66:
 641 0010 FFC0FFFF 	 .word -16129
 643              	 .section .text.XMC_USIC_CH_RXFIFO_SetSizeTriggerLimit,"ax",%progbits
 644              	 .align 1
 645              	 .global XMC_USIC_CH_RXFIFO_SetSizeTriggerLimit
 646              	 .code 16
 647              	 .thumb_func
 649              	XMC_USIC_CH_RXFIFO_SetSizeTriggerLimit:
 650 0000 FC30     	 add r0,r0,#252
 651 0002 0169     	 ldr r1,[r0,#16]
 652 0004 024B     	 ldr r3,.L69
 653 0006 1202     	 lsl r2,r2,#8
 654 0008 0B40     	 and r3,r1
 655 000a 1A43     	 orr r2,r3
 656 000c 0261     	 str r2,[r0,#16]
 657              	 
 658 000e 7047     	 bx lr
 659              	.L70:
 660              	 .align 2
 661              	.L69:
 662 0010 FFC0FFFF 	 .word -16129
 664              	 .section .text.XMC_USIC_CH_SetInterruptNodePointer,"ax",%progbits
 665              	 .align 1
 666              	 .global XMC_USIC_CH_SetInterruptNodePointer
 667              	 .code 16
 668              	 .thumb_func
 670              	XMC_USIC_CH_SetInterruptNodePointer:
 671 0000 10B5     	 push {r4,lr}
 672 0002 0724     	 mov r4,#7
 673 0004 8C40     	 lsl r4,r4,r1
 674 0006 8A40     	 lsl r2,r2,r1
 675 0008 8369     	 ldr r3,[r0,#24]
 676              	 
 677 000a A343     	 bic r3,r4
 678 000c 1343     	 orr r3,r2
 679 000e 8361     	 str r3,[r0,#24]
 680 0010 10BD     	 pop {r4,pc}
 682              	 .section .text.XMC_USIC_CH_TXFIFO_SetInterruptNodePointer,"ax",%progbits
 683              	 .align 1
 684              	 .global XMC_USIC_CH_TXFIFO_SetInterruptNodePointer
 685              	 .code 16
 686              	 .thumb_func
 688              	XMC_USIC_CH_TXFIFO_SetInterruptNodePointer:
 689 0000 10B5     	 push {r4,lr}
 690 0002 0724     	 mov r4,#7
 691 0004 8C40     	 lsl r4,r4,r1
 692 0006 8A40     	 lsl r2,r2,r1
 693 0008 FC30     	 add r0,r0,#252
 694 000a C368     	 ldr r3,[r0,#12]
 695              	 
 696 000c A343     	 bic r3,r4
 697 000e 1343     	 orr r3,r2
 698 0010 C360     	 str r3,[r0,#12]
 699 0012 10BD     	 pop {r4,pc}
 701              	 .section .text.XMC_USIC_CH_RXFIFO_SetInterruptNodePointer,"ax",%progbits
 702              	 .align 1
 703              	 .global XMC_USIC_CH_RXFIFO_SetInterruptNodePointer
 704              	 .code 16
 705              	 .thumb_func
 707              	XMC_USIC_CH_RXFIFO_SetInterruptNodePointer:
 708 0000 10B5     	 push {r4,lr}
 709 0002 0724     	 mov r4,#7
 710 0004 8C40     	 lsl r4,r4,r1
 711 0006 8A40     	 lsl r2,r2,r1
 712 0008 FC30     	 add r0,r0,#252
 713 000a 0369     	 ldr r3,[r0,#16]
 714              	 
 715 000c A343     	 bic r3,r4
 716 000e 1343     	 orr r3,r2
 717 0010 0361     	 str r3,[r0,#16]
 718 0012 10BD     	 pop {r4,pc}
 720              	 .section .text.XMC_USIC_Enable,"ax",%progbits
 721              	 .align 1
 722              	 .global XMC_USIC_Enable
 723              	 .code 16
 724              	 .thumb_func
 726              	XMC_USIC_Enable:
 727 0000 08B5     	 push {r3,lr}
 728 0002 034B     	 ldr r3,.L76
 729 0004 9842     	 cmp r0,r3
 730 0006 01D1     	 bne .L74
 731 0008 FFF7FEFF 	 bl XMC_USIC_Enable.part.0
 732              	.L74:
 733              	 
 734 000c 08BD     	 pop {r3,pc}
 735              	.L77:
 736 000e C046     	 .align 2
 737              	.L76:
 738 0010 08000048 	 .word 1207959560
 740              	 .section .text.XMC_USIC_Disable,"ax",%progbits
 741              	 .align 1
 742              	 .global XMC_USIC_Disable
 743              	 .code 16
 744              	 .thumb_func
 746              	XMC_USIC_Disable:
 747 0000 08B5     	 push {r3,lr}
 748 0002 034B     	 ldr r3,.L80
 749 0004 9842     	 cmp r0,r3
 750 0006 02D1     	 bne .L78
 751 0008 0820     	 mov r0,#8
 752 000a FFF7FEFF 	 bl XMC_SCU_CLOCK_GatePeripheralClock
 753              	.L78:
 754              	 
 755 000e 08BD     	 pop {r3,pc}
 756              	.L81:
 757              	 .align 2
 758              	.L80:
 759 0010 08000048 	 .word 1207959560
 761              	 .ident "GCC: (GNU Tools for ARM Embedded Processors) 4.9.3 20141119 (release) [ARM/embedded-4_9-branch revision 218278]"
DEFINED SYMBOLS
                            *ABS*:00000000 xmc_usic.c
    {standard input}:15     .text.XMC_USIC_Enable.part.0:00000000 $t
    {standard input}:19     .text.XMC_USIC_Enable.part.0:00000000 XMC_USIC_Enable.part.0
    {standard input}:32     .text.XMC_USIC_CH_Enable:00000000 $t
    {standard input}:37     .text.XMC_USIC_CH_Enable:00000000 XMC_USIC_CH_Enable
    {standard input}:65     .text.XMC_USIC_CH_Enable:0000002c $d
    {standard input}:68     .text.XMC_USIC_CH_Disable:00000000 $t
    {standard input}:73     .text.XMC_USIC_CH_Disable:00000000 XMC_USIC_CH_Disable
    {standard input}:85     .text.XMC_USIC_CH_SetBaudrate:00000000 $t
    {standard input}:90     .text.XMC_USIC_CH_SetBaudrate:00000000 XMC_USIC_CH_SetBaudrate
    {standard input}:167    .text.XMC_USIC_CH_SetBaudrate:00000094 $d
    {standard input}:172    .text.XMC_USIC_CH_SetBaudrateEx:00000000 $t
    {standard input}:177    .text.XMC_USIC_CH_SetBaudrateEx:00000000 XMC_USIC_CH_SetBaudrateEx
    {standard input}:269    .text.XMC_USIC_CH_SetBaudrateEx:000000b0 $d
    {standard input}:273    .text.XMC_USIC_CH_SetBaudrateDivider:00000000 $t
    {standard input}:278    .text.XMC_USIC_CH_SetBaudrateDivider:00000000 XMC_USIC_CH_SetBaudrateDivider
    {standard input}:306    .text.XMC_USIC_CH_SetBaudrateDivider:00000030 $d
    {standard input}:313    .text.XMC_USIC_CH_GetBaudrate:00000000 $t
    {standard input}:318    .text.XMC_USIC_CH_GetBaudrate:00000000 XMC_USIC_CH_GetBaudrate
    {standard input}:401    .text.XMC_USIC_CH_GetSCLKFrequency:00000000 $t
    {standard input}:406    .text.XMC_USIC_CH_GetSCLKFrequency:00000000 XMC_USIC_CH_GetSCLKFrequency
    {standard input}:466    .text.XMC_USIC_CH_GetMCLKFrequency:00000000 $t
    {standard input}:471    .text.XMC_USIC_CH_GetMCLKFrequency:00000000 XMC_USIC_CH_GetMCLKFrequency
    {standard input}:521    .text.XMC_USIC_CH_ConfigExternalInputSignalToBRG:00000000 $t
    {standard input}:526    .text.XMC_USIC_CH_ConfigExternalInputSignalToBRG:00000000 XMC_USIC_CH_ConfigExternalInputSignalToBRG
    {standard input}:556    .text.XMC_USIC_CH_ConfigExternalInputSignalToBRG:00000034 $d
    {standard input}:560    .text.XMC_USIC_CH_TXFIFO_Configure:00000000 $t
    {standard input}:565    .text.XMC_USIC_CH_TXFIFO_Configure:00000000 XMC_USIC_CH_TXFIFO_Configure
    {standard input}:586    .text.XMC_USIC_CH_TXFIFO_Configure:00000020 $d
    {standard input}:590    .text.XMC_USIC_CH_RXFIFO_Configure:00000000 $t
    {standard input}:595    .text.XMC_USIC_CH_RXFIFO_Configure:00000000 XMC_USIC_CH_RXFIFO_Configure
    {standard input}:619    .text.XMC_USIC_CH_RXFIFO_Configure:00000028 $d
    {standard input}:623    .text.XMC_USIC_CH_TXFIFO_SetSizeTriggerLimit:00000000 $t
    {standard input}:628    .text.XMC_USIC_CH_TXFIFO_SetSizeTriggerLimit:00000000 XMC_USIC_CH_TXFIFO_SetSizeTriggerLimit
    {standard input}:641    .text.XMC_USIC_CH_TXFIFO_SetSizeTriggerLimit:00000010 $d
    {standard input}:644    .text.XMC_USIC_CH_RXFIFO_SetSizeTriggerLimit:00000000 $t
    {standard input}:649    .text.XMC_USIC_CH_RXFIFO_SetSizeTriggerLimit:00000000 XMC_USIC_CH_RXFIFO_SetSizeTriggerLimit
    {standard input}:662    .text.XMC_USIC_CH_RXFIFO_SetSizeTriggerLimit:00000010 $d
    {standard input}:665    .text.XMC_USIC_CH_SetInterruptNodePointer:00000000 $t
    {standard input}:670    .text.XMC_USIC_CH_SetInterruptNodePointer:00000000 XMC_USIC_CH_SetInterruptNodePointer
    {standard input}:683    .text.XMC_USIC_CH_TXFIFO_SetInterruptNodePointer:00000000 $t
    {standard input}:688    .text.XMC_USIC_CH_TXFIFO_SetInterruptNodePointer:00000000 XMC_USIC_CH_TXFIFO_SetInterruptNodePointer
    {standard input}:702    .text.XMC_USIC_CH_RXFIFO_SetInterruptNodePointer:00000000 $t
    {standard input}:707    .text.XMC_USIC_CH_RXFIFO_SetInterruptNodePointer:00000000 XMC_USIC_CH_RXFIFO_SetInterruptNodePointer
    {standard input}:721    .text.XMC_USIC_Enable:00000000 $t
    {standard input}:726    .text.XMC_USIC_Enable:00000000 XMC_USIC_Enable
    {standard input}:738    .text.XMC_USIC_Enable:00000010 $d
    {standard input}:741    .text.XMC_USIC_Disable:00000000 $t
    {standard input}:746    .text.XMC_USIC_Disable:00000000 XMC_USIC_Disable
    {standard input}:759    .text.XMC_USIC_Disable:00000010 $d

UNDEFINED SYMBOLS
XMC_SCU_CLOCK_UngatePeripheralClock
XMC_SCU_CLOCK_IsPeripheralClockGated
__aeabi_uidiv
XMC_SCU_CLOCK_GetPeripheralClockFrequency
__aeabi_idiv
__aeabi_ui2f
__aeabi_fmul
__aeabi_fdiv
__aeabi_f2uiz
XMC_SCU_CLOCK_GatePeripheralClock
