   1              	 .cpu cortex-m0
   2              	 .fpu softvfp
   3              	 .eabi_attribute 20,1
   4              	 .eabi_attribute 21,1
   5              	 .eabi_attribute 23,3
   6              	 .eabi_attribute 24,1
   7              	 .eabi_attribute 25,1
   8              	 .eabi_attribute 26,1
   9              	 .eabi_attribute 30,4
  10              	 .eabi_attribute 34,0
  11              	 .eabi_attribute 18,4
  12              	 .code 16
  13              	 .file "clock_xmc1.c"
  14              	 .section .text.CLOCK_XMC1_GetAppVersion,"ax",%progbits
  15              	 .align 1
  16              	 .global CLOCK_XMC1_GetAppVersion
  17              	 .code 16
  18              	 .thumb_func
  20              	CLOCK_XMC1_GetAppVersion:
  21 0000 0148     	 ldr r0,.L2
  22 0002 82B0     	 sub sp,sp,#8
  23 0004 02B0     	 add sp,sp,#8
  24              	 
  25 0006 7047     	 bx lr
  26              	.L3:
  27              	 .align 2
  28              	.L2:
  29 0008 04001A00 	 .word 1703940
  31              	 .section .text.CLOCK_XMC1_Init,"ax",%progbits
  32              	 .align 1
  33              	 .global CLOCK_XMC1_Init
  34              	 .code 16
  35              	 .thumb_func
  37              	CLOCK_XMC1_Init:
  38 0000 0378     	 ldrb r3,[r0]
  39 0002 002B     	 cmp r3,#0
  40 0004 01D1     	 bne .L5
  41 0006 0133     	 add r3,r3,#1
  42 0008 0370     	 strb r3,[r0]
  43              	.L5:
  44 000a 0020     	 mov r0,#0
  45              	 
  46 000c 7047     	 bx lr
  48              	 .section .text.CLOCK_XMC1_SetMCLKFrequency,"ax",%progbits
  49              	 .align 1
  50              	 .global CLOCK_XMC1_SetMCLKFrequency
  51              	 .code 16
  52              	 .thumb_func
  54              	CLOCK_XMC1_SetMCLKFrequency:
  55 0000 08B5     	 push {r3,lr}
  56 0002 FFF7FEFF 	 bl XMC_SCU_CLOCK_SetMCLKFrequency
  57              	 
  58 0006 08BD     	 pop {r3,pc}
  60              	 .ident "GCC: (GNU Tools for ARM Embedded Processors) 4.9.3 20141119 (release) [ARM/embedded-4_9-branch revision 218278]"
DEFINED SYMBOLS
                            *ABS*:00000000 clock_xmc1.c
    {standard input}:15     .text.CLOCK_XMC1_GetAppVersion:00000000 $t
    {standard input}:20     .text.CLOCK_XMC1_GetAppVersion:00000000 CLOCK_XMC1_GetAppVersion
    {standard input}:29     .text.CLOCK_XMC1_GetAppVersion:00000008 $d
    {standard input}:32     .text.CLOCK_XMC1_Init:00000000 $t
    {standard input}:37     .text.CLOCK_XMC1_Init:00000000 CLOCK_XMC1_Init
    {standard input}:49     .text.CLOCK_XMC1_SetMCLKFrequency:00000000 $t
    {standard input}:54     .text.CLOCK_XMC1_SetMCLKFrequency:00000000 CLOCK_XMC1_SetMCLKFrequency

UNDEFINED SYMBOLS
XMC_SCU_CLOCK_SetMCLKFrequency
